Arguments: 
  C:\Program Files\nodejs\node.exe C:\Users\werneck\AppData\Roaming\npm\node_modules\yarn\bin\yarn.js add react-navigation

PATH: 
  C:\ProgramData\Oracle\Java\javapath;C:\Program Files\Java\jdk-12.0.2\bin;C:\Program Files (x86)\AMD\ATI.ACE\Core-Static;C:\Program Files\nodejs\;C:\Program Files\Git\cmd;C:\Users\werneck\AppData\Local\Programs\Microsoft VS Code\bin;C:\Users\werneck\AppData\Roaming\npm;C:\Windows\System32;C:\Android\SDK\emulator;C:\Android\SDK\tools;C:\Android\SDK\tools\bin;C:\Android\SDK\platform-tools

Yarn version: 
  1.22.4

Node version: 
  12.16.3

Platform: 
  win32 x64

Trace: 
  Error: EBUSY: resource busy or locked, copyfile 'C:\Users\werneck\AppData\Local\Yarn\Cache\v6\npm-caniuse-lite-1.0.30001066-0a8a58a10108f2b9bf38e7b65c237b12fd9c5f04-integrity\node_modules\caniuse-lite\data\features\use-strict.js' -> 'C:\Users\werneck\Desktop\git\Goals\node_modules\caniuse-lite\data\features\use-strict.js'

npm manifest: 
  {
    "main": "node_modules/expo/AppEntry.js",
    "scripts": {
      "start": "expo start",
      "android": "expo start --android",
      "ios": "expo start --ios",
      "web": "expo start --web",
      "eject": "expo eject"
    },
    "dependencies": {
      "expo": "~37.0.3",
      "react": "~16.9.0",
      "react-dom": "~16.9.0",
      "react-native": "https://github.com/expo/react-native/archive/sdk-37.0.1.tar.gz",
      "react-native-web": "~0.11.7"
    },
    "devDependencies": {
      "babel-preset-expo": "~8.1.0",
      "@babel/core": "^7.8.6"
    },
    "private": true
  }

yarn manifest: 
  No manifest

Lockfile: 
  No lockfile
